<?xml version="1.0" encoding="UTF-8"?>
<testng-results ignored="0" total="6" passed="6" failed="0" skipped="0">
  <reporter-output>
  </reporter-output>
  <suite started-at="2020-10-21T20:31:16 EDT" name="Surefire suite" finished-at="2020-10-21T20:31:16 EDT" duration-ms="38">
    <groups>
    </groups>
    <test started-at="2020-10-21T20:31:16 EDT" name="Surefire test" finished-at="2020-10-21T20:31:16 EDT" duration-ms="38">
      <class name="TestProject.AppiumTest">
        <test-method signature="Ios()[pri:0, instance:TestProject.AppiumTest@fa4c865]" started-at="2020-10-21T20:31:16 EDT" name="Ios" finished-at="2020-10-21T20:31:16 EDT" duration-ms="3" status="PASS">
          <reporter-output>
          </reporter-output>
        </test-method> <!-- Ios -->
        <test-method signature="NativeAppAndroid()[pri:0, instance:TestProject.AppiumTest@fa4c865]" started-at="2020-10-21T20:31:16 EDT" name="NativeAppAndroid" finished-at="2020-10-21T20:31:16 EDT" duration-ms="0" status="PASS">
          <reporter-output>
          </reporter-output>
        </test-method> <!-- NativeAppAndroid -->
      </class> <!-- TestProject.AppiumTest -->
      <class name="TestProject.SeleniumTest">
        <test-method signature="elementsUi()[pri:0, instance:TestProject.SeleniumTest@544fa968]" started-at="2020-10-21T20:31:16 EDT" name="elementsUi" finished-at="2020-10-21T20:31:16 EDT" duration-ms="0" status="PASS">
          <reporter-output>
          </reporter-output>
        </test-method> <!-- elementsUi -->
        <test-method signature="BrowserAutomation()[pri:0, instance:TestProject.SeleniumTest@544fa968]" started-at="2020-10-21T20:31:16 EDT" name="BrowserAutomation" finished-at="2020-10-21T20:31:16 EDT" duration-ms="0" status="PASS">
          <reporter-output>
          </reporter-output>
        </test-method> <!-- BrowserAutomation -->
      </class> <!-- TestProject.SeleniumTest -->
      <class name="TestProject.RestApiTest">
        <test-method signature="deleteTwitter()[pri:0, instance:TestProject.RestApiTest@3bd82cf5]" started-at="2020-10-21T20:31:16 EDT" name="deleteTwitter" finished-at="2020-10-21T20:31:16 EDT" duration-ms="1" status="PASS">
          <reporter-output>
          </reporter-output>
        </test-method> <!-- deleteTwitter -->
        <test-method signature="postJira()[pri:0, instance:TestProject.RestApiTest@3bd82cf5]" started-at="2020-10-21T20:31:16 EDT" name="postJira" finished-at="2020-10-21T20:31:16 EDT" duration-ms="0" status="PASS">
          <reporter-output>
          </reporter-output>
        </test-method> <!-- postJira -->
      </class> <!-- TestProject.RestApiTest -->
    </test> <!-- Surefire test -->
  </suite> <!-- Surefire suite -->
</testng-results>
