<?xml version="1.0" encoding="UTF-8"?>
<!-- Generated by org.testng.reporters.JUnitXMLReporter -->
<testsuite ignored="0" hostname="DESKTOP-L6DT7PI" failures="0" tests="6" name="Test" time="0.035" errors="0" timestamp="2020-10-22T19:37:51 EDT">
  <testcase classname="TestProject.AppiumTest" name="Ios" time="0.003"/>
  <testcase classname="TestProject.AppiumTest" name="NativeAppAndroid" time="0.0"/>
  <testcase classname="TestProject.SeleniumTest" name="BrowserAutomation" time="0.0"/>
  <testcase classname="TestProject.SeleniumTest" name="elementsUi" time="0.0"/>
  <testcase classname="TestProject.RestApiTest" name="deleteTwitter" time="0.0"/>
  <testcase classname="TestProject.RestApiTest" name="postJira" time="0.0"/>
</testsuite> <!-- Test -->
