<?xml version="1.0" encoding="UTF-8"?>
<testng-results ignored="0" total="1" passed="1" failed="0" skipped="0">
  <reporter-output>
  </reporter-output>
  <suite started-at="2020-10-21T20:21:35 EDT" name="Default suite" finished-at="2020-10-21T20:21:35 EDT" duration-ms="34">
    <groups>
    </groups>
    <test started-at="2020-10-21T20:21:35 EDT" name="Default test" finished-at="2020-10-21T20:21:35 EDT" duration-ms="34">
      <class name="TestProject.AppiumTest">
        <test-method signature="NativeAppAndroid()[pri:0, instance:TestProject.AppiumTest@49912c99]" started-at="2020-10-21T20:21:35 EDT" name="NativeAppAndroid" finished-at="2020-10-21T20:21:35 EDT" duration-ms="7" status="PASS">
          <reporter-output>
          </reporter-output>
        </test-method> <!-- NativeAppAndroid -->
      </class> <!-- TestProject.AppiumTest -->
    </test> <!-- Default test -->
  </suite> <!-- Default suite -->
</testng-results>
